<?xml version="1.0" encoding="UTF-8" standalone="no"?><testsuites><testsuite errors="0" failures="0" hostname="OVHY6DBM7559PN9D_LENOVO_IdeaTabA1000-G" name="com.ulhack.tc.test" tests="14" time="0.0000" timestamp="Fri Apr 04 10:13:53 WIB 2014"><properties><property name="java.runtime.name" value="Java(TM) SE Runtime Environment"/><property name="sun.boot.library.path" value="/opt/jdk/jre/lib/i386"/><property name="java.vm.version" value="24.51-b03"/><property name="java.vm.vendor" value="Oracle Corporation"/><property name="java.vendor.url" value="http://java.oracle.com/"/><property name="guice.disable.misplaced.annotation.check" value="true"/><property name="path.separator" value=":"/><property name="java.vm.name" value="Java HotSpot(TM) Client VM"/><property name="file.encoding.pkg" value="sun.io"/><property name="user.country" value="US"/><property name="sun.java.launcher" value="SUN_STANDARD"/><property name="sun.os.patch.level" value="unknown"/><property name="java.vm.specification.name" value="Java Virtual Machine Specification"/><property name="user.dir" value="/home/haq/workspace/TC2"/><property name="java.runtime.version" value="1.7.0_51-b13"/><property name="java.awt.graphicsenv" value="sun.awt.X11GraphicsEnvironment"/><property name="java.endorsed.dirs" value="/opt/jdk/jre/lib/endorsed"/><property name="os.arch" value="i386"/><property name="java.io.tmpdir" value="/tmp"/><property name="line.separator" value="&#10;"/><property name="java.vm.specification.vendor" value="Oracle Corporation"/><property name="os.name" value="Linux"/><property name="classworlds.conf" value="/opt/maven/bin/m2.conf"/><property name="sun.jnu.encoding" value="UTF-8"/><property name="java.library.path" value="/usr/java/packages/lib/i386:/lib:/usr/lib"/><property name="java.specification.name" value="Java Platform API Specification"/><property name="java.class.version" value="51.0"/><property name="sun.management.compiler" value="HotSpot Client Compiler"/><property name="os.version" value="3.2.0-23-generic"/><property name="user.home" value="/home/haq"/><property name="user.timezone" value="Asia/Jakarta"/><property name="java.awt.printerjob" value="sun.print.PSPrinterJob"/><property name="file.encoding" value="UTF-8"/><property name="java.specification.version" value="1.7"/><property name="java.class.path" value="/opt/maven/boot/plexus-classworlds-2.5.1.jar"/><property name="user.name" value="haq"/><property name="org.slf4j.simpleLogger.defaultLogLevel" value="info"/><property name="java.vm.specification.version" value="1.7"/><property name="sun.java.command" value="org.codehaus.plexus.classworlds.launcher.Launcher clean install"/><property name="java.home" value="/opt/jdk/jre"/><property name="sun.arch.data.model" value="32"/><property name="user.language" value="en"/><property name="java.specification.vendor" value="Oracle Corporation"/><property name="awt.toolkit" value="sun.awt.X11.XToolkit"/><property name="java.vm.info" value="mixed mode"/><property name="java.version" value="1.7.0_51"/><property name="securerandom.source" value="file:/dev/./urandom"/><property name="java.ext.dirs" value="/opt/jdk/jre/lib/ext:/usr/java/packages/lib/ext"/><property name="sun.boot.class.path" value="/opt/jdk/jre/lib/resources.jar:/opt/jdk/jre/lib/rt.jar:/opt/jdk/jre/lib/sunrsasign.jar:/opt/jdk/jre/lib/jsse.jar:/opt/jdk/jre/lib/jce.jar:/opt/jdk/jre/lib/charsets.jar:/opt/jdk/jre/lib/jfr.jar:/opt/jdk/jre/classes"/><property name="java.vendor" value="Oracle Corporation"/><property name="maven.home" value="/opt/maven"/><property name="file.separator" value="/"/><property name="java.vendor.url.bug" value="http://bugreport.sun.com/bugreport/"/><property name="sun.io.unicode.encoding" value="UnicodeLittle"/><property name="sun.cpu.endian" value="little"/><property name="sun.desktop" value="gnome"/><property name="sun.cpu.isalist" value=""/><property name="ro.product.manufacturer" value="LENOVO"/><property name="ro.mediatek.gemini_support" value="false"/><property name="gsm.sim.operator.alpha" value=""/><property name="sys.settings_secure_version" value="21"/><property name="ro.mediatek.version.release" value="A1000G_A412_01_09_130907_2G"/><property name="init.svc.lenovoSN2" value="stopped"/><property name="ro.media.enc.hprof.vid.bps" value="3400000"/><property name="gsm.ril.uicctype" value="SIM"/><property name="ro.crypto.fs_flags" value="0x00000406"/><property name="ro.media.enc.mprof.aud.bps" value="12200"/><property name="ro.media.enc.lprof.vid.width" value="176"/><property name="persist.sys.profiler_ms" value="0"/><property name="init.svc.ueventd" value="running"/><property name="gsm.gcf.testmode" value="0"/><property name="ro.product.model" value="IdeaTabA1000-G"/><property name="gsm.operator.iso-country" value="id"/><property name="ro.mediatek.wlan.wsc" value="1"/><property name="sys.usb.vid" value="17EF"/><property name="gps.solution.combo.chip" value="1"/><property name="sys.ipo.pwrdncap" value="2"/><property name="ro.bootloader" value="unknown"/><property name="init.svc.permission_check" value="stopped"/><property name="init.svc.vold" value="running"/><property name="init.svc.mdlogger" value="running"/><property name="ro.boot.serialno" value="OVHY6DBM7559PN9D"/><property name="net.hostname" value="android-108c46aa28da005a"/><property name="ro.build.version.sdk" value="16"/><property name="sys.usb.config" value="mtp,adb"/><property name="launcherplus.allappsgrid" value="2d"/><property name="init.svc.sbchk" value="stopped"/><property name="init.svc.msensord" value="stopped"/><property name="ril.ready.sim" value="true"/><property name="init.svc.thermal_manager" value="stopped"/><property name="sys.settings_system_version" value="250"/><property name="gsm.sim.ril.phbready" value="true"/><property name="gsm.sim.operator.default-name" value="TELKOMSEL"/><property name="gsm.operator.isroaming" value="false"/><property name="mediatek.wlan.channelselect" value="1"/><property name="persist.sys.mute.state" value="0"/><property name="dhcp.wlan0.dns3" value=""/><property name="mux.report.case" value="0"/><property name="dhcp.wlan0.dns2" value="8.8.4.4"/><property name="dhcp.wlan0.dns1" value="8.8.8.8"/><property name="gsm.siminfo.ready" value="true"/><property name="ro.mediatek.wlan.p2p" value="1"/><property name="dhcp.wlan0.dns4" value=""/><property name="ro.allow.mock.location" value="0"/><property name="ro.media.enc.lprof.vid.bps" value="384000"/><property name="ro.com.google.apphider" value="off"/><property name="ro.media.enc.mprof.codec.vid" value="m4v"/><property name="persist.radio.default_sim" value="0"/><property name="net.tcp.buffersize.wifi" value="524288,1048576,2097152,262144,524288,1048576"/><property name="ril.current.share_modem" value="1"/><property name="ro.media.enc.hprof.vid.fps" value="30"/><property name="gsm.version.baseband" value="MAUI.11AMD.W12.36.SP.V14.F1.P, 2013/05/25 17:55"/><property name="ro.product.brand" value="Lenovo"/><property name="ro.mediatek.chip_ver" value="S01"/><property name="ro.crypto.tmpfs_options" value="mode=0771,uid=1000,gid=1000"/><property name="set_gsm_serial" value="1"/><property name="dhcp.wlan0.result" value="ok"/><property name="ro.product.ota.backuprestore" value="false"/><property name="ro.media.enc.mprof.vid.height" value="288"/><property name="ro.media.enc.lprof.codec.aud" value="amrnb"/><property name="ro.product.device" value="A1000G"/><property name="ro.sys.usb.storage.type" value="mtp,mass_storage"/><property name="sys.boot.reason" value="0"/><property name="dev.bootcomplete" value="1"/><property name="init.svc.nvram_daemon" value="stopped"/><property name="init.svc.agpsd" value="running"/><property name="init.svc.NvRAMAgent" value="running"/><property name="gsm.sim.state" value="READY"/><property name="fmradio.driver.chip" value="3"/><property name="ro.hardware" value="mt6577"/><property name="ro.init.lenovosn2" value="Ready"/><property name="persist.af.sph_enh.masks" value="65535 4294967295"/><property name="ro.build.id" value="JZO54K"/><property name="ro.media.enc.hprof.vid.height" value="480"/><property name="debug.atrace.tags.enableflags" value="0x0"/><property name="ro.ril.ecclist" value="112,911"/><property name="init.svc.hald" value="running"/><property name="persist.radio.nitz_oper_sname" value=""/><property name="rild.libpath" value="/system/lib/mtk-ril.so"/><property name="sys.boot_completed" value="1"/><property name="ro.product.name" value="IdeaTab_A1000-G"/><property name="net.change" value="net.dnschange"/><property name="ro.media.enc.lprof.aud.ch" value="1"/><property name="ro.build.tags" value="release-keys"/><property name="init.svc.drm" value="running"/><property name="ro.media.enc.mprof.file.format" value="3gp"/><property name="ro.build.version.codename" value="REL"/><property name="ro.product.cpu.abi" value="armeabi-v7a"/><property name="dhcp.wlan0.pid" value="25958"/><property name="launcher2.allappsgrid" value="3d_20"/><property name="rild.libargs" value="-d /dev/ttyC0"/><property name="wifi.tethering.interface" value="ap0"/><property name="ro.sf.lcd_density" value="160"/><property name="dhcp.wlan0.vendorInfo" value=""/><property name="init.svc.bootanim" value="stopped"/><property name="dalvik.vm.heapsize" value="128m"/><property name="dalvik.vm.stack-trace-file" value="/data/anr/traces.txt"/><property name="ro.com.google.clientidbase" value="android-lenovo"/><property name="net.tcp.buffersize.edge" value="4093,26280,35040,4096,16384,35040"/><property name="ro.serialno" value="OVHY6DBM7559PN9D"/><property name="net.wlan0.dns1" value="56.0.0.0"/><property name="net.wlan0.dns2" value="56.0.0.0"/><property name="sys.internal_mounted" value="1"/><property name="persist.radio.netlog.Running" value="0"/><property name="init.svc.iprenew_wlan0" value="stopped"/><property name="ro.build.date" value="Sat Sep  7 15:00:41 CST 2013"/><property name="vold.post_fs_data_done" value="1"/><property name="wlan.driver.status" value="ok"/><property name="ro.product.cpu.abi2" value="armeabi"/><property name="drm.service.enabled" value="true"/><property name="init.svc.zygote" value="running"/><property name="init.svc.servicemanager" value="running"/><property name="ro.build.user" value=""/><property name="ro.products.factorylid" value="31"/><property name="gsm.sim.operator.iso-country" value="id"/><property name="ro.config.ringtone" value="Backroad.ogg"/><property name="ro.secure" value="1"/><property name="ro.build.type" value="user"/><property name="ro.build.version.incremental" value="Lenovo_A1000G_A412_01_S09"/><property name="init.svc.adbd" value="running"/><property name="gsm.operator.alpha" value="TELKOMSEL"/><property name="init.svc.netdiag" value="running"/><property name="net.dns2" value="8.8.4.4"/><property name="init.svc.bootlogoupdater" value="stopped"/><property name="net.dns1" value="8.8.8.8"/><property name="ro.media.enc.mprof.vid.fps" value="30"/><property name="gsm.phone.created" value="true"/><property name="init.svc.ril-daemon" value="running"/><property name="persist.mtk.aee.aed" value="on"/><property name="ro.media.enc.mprof.vid.bps" value="990000"/><property name="init.svc.nvram_hqfactory" value="stopped"/><property name="ro.debuggable" value="0"/><property name="persist.sys.usb.config" value="mtp,adb"/><property name="init.svc.mdp" value="running"/><property name="init.svc.debuggerd" value="running"/><property name="gsm.sim.retry.pin2" value="3"/><property name="gsm.sim.retry.pin1" value="3"/><property name="ro.media.enc.lprof.file.format" value="3gp"/><property name="system_init.startsurfaceflinger" value="0"/><property name="ro.crypto.fs_options" value="noauto_da_alloc,discard"/><property name="wifi.direct.interface" value="p2p0"/><property name="init.svc.mdpd" value="running"/><property name="ro.factorytest" value="0"/><property name="ro.build.fingerprint" value="Lenovo/IdeaTab_A1000-G/A1000G:4.1.2/JZO54K/A1000G_A412_01_09_130907_2G:user/release-keys"/><property name="service.bootanim.exit" value="1"/><property name="gsm.sim.retry.puk1" value="10"/><property name="gsm.sim.retry.puk2" value="10"/><property name="net.dnschange" value="5"/><property name="ro.build.product" value="huaqin17_td_tb_jb"/><property name="ro.setupwizard.mode" value="OPTIONAL"/><property name="ro.mtk.hardware" value="mt6577"/><property name="internal_sd_path" value="/storage/sdcard0"/><property name="gsm.baseband.capability" value="59"/><property name="init.svc.p2p_supplicant" value="running"/><property name="sys.factoryremount" value="0"/><property name="net.bt.name" value="Android"/><property name="persist.radio.fd.counter" value="20"/><property name="ro.media.enc.hprof.aud.bps" value="12200"/><property name="mediatek.wlan.module.postfix" value="_mt6628"/><property name="ro.media.enc.mprof.codec.aud" value="amrnb"/><property name="nvram_init" value="Ready"/><property name="persist.radio.fd.off.counter" value="20"/><property name="ro.bootmode" value="unknown"/><property name="ro.baseband" value="unknown"/><property name="ro.runtime.firstboot" value="1395643395726"/><property name="gps.supl.status" value="11"/><property name="ro.build.host" value="xywb02"/><property name="ro.media.enc.lprof.aud.bps" value="12200"/><property name="persist.first_boot" value="0"/><property name="init.svc.mobile_log_d" value="running"/><property name="gsm.cs.network.type" value="2"/><property name="dhcp.wlan0.server" value="192.168.1.1"/><property name="ro.build.display.id" value="A1000G_A412_01_09_130907_2G"/><property name="ro.media.enc.lprof.vid.height" value="144"/><property name="ro.revision" value="0"/><property name="gsm.sim.ril.testsim" value="0"/><property name="init.svc.xlogdebugchanged" value="stopped"/><property name="mediatek.wlan.ctia" value="0"/><property name="gsm.3gswitch" value="1"/><property name="ro.media.enc.hprof.codec.vid" value="m4v"/><property name="ro.product.locale.region" value="US"/><property name="wifi.interface" value="wlan0"/><property name="persist.sys.timezone" value="Asia/Pontianak"/><property name="ro.sf.hwrotation" value="90"/><property name="ro.mediatek.platform" value="MT6577"/><property name="init.svc.ccci_mdinit" value="running"/><property name="mediatek.wlan.chip" value="MT6628"/><property name="ro.media.enc.mprof.aud.ch" value="1"/><property name="ro.huaqin.version.release" value="A1000G_A412_01_09_130907_2G"/><property name="gsm.operator.numeric" value="51010"/><property name="init.svc.dbus" value="running"/><property name="init.svc.GoogleOtaAgent" value="running"/><property name="ro.crypto.state" value="unencrypted"/><property name="ro.crypto.fs_type" value="ext4"/><property name="persist.service.adb.enable" value=""/><property name="ro.camera.sound.forced" value="1"/><property name="init.svc.6620_launcher" value="running"/><property name="persist.radio.nitz_oper_lname" value="TELKOMSEL"/><property name="gsm.roaming.indicator.needed" value="false"/><property name="persist.mdp_msg" value="0 0 0 0 0 1 0 0 0"/><property name="gsm.nitz.time" value="1396559904006"/><property name="gsm.sim.operator.numeric" value="51010"/><property name="sys.lowstorage_flag" value="0"/><property name="ro.product.countrycode" value="ID"/><property name="init.svc.DMAgent" value="running"/><property name="ro.config.notification_sound" value="Proxima.ogg"/><property name="ro.board.platform" value=""/><property name="ro.build.date.utc" value="1378537241"/><property name="ro.product.locale.language" value="en"/><property name="fmradio.driver.enable" value="1"/><property name="ro.media.enc.mprof.aud.hz" value="8000"/><property name="af.mdrst" value="1"/><property name="init.svc.stp_dump" value="running"/><property name="init.svc.keystore" value="running"/><property name="gsm.defaultpdpcontext.active" value="true"/><property name="dalvik.vm.mtk-stack-trace-file" value="/data/anr/mtk_traces.txt"/><property name="sys.ipowin.done" value="1"/><property name="init.svc.netd" value="running"/><property name="persist.radio.nitz_oper_code" value="51010"/><property name="ro.build.characteristics" value="default"/><property name="init.svc.pvrsrvctl" value="stopped"/><property name="ro.sys.usb.mtp.whql.enable" value="0"/><property name="net.tcp.buffersize.lte" value="524288,1048576,2097152,262144,524288,1048576"/><property name="ro.lenovosn2" value="HGC1B1M4"/><property name="init.svc.gsm0710muxd" value="running"/><property name="net.tcp.buffersize.default" value="4096,87380,110208,4096,16384,110208"/><property name="net.tcp.buffersize.umts" value="4094,87380,110208,4096,16384,110208"/><property name="sys.usb.state" value="mtp,adb"/><property name="ro.media.enc.lprof.vid.fps" value="30"/><property name="ro.external.version.code" value="A1000G_A412_01_09_130907_2G"/><property name="ro.media.enc.mprof.vid.width" value="352"/><property name="ro.build.flavor" value=""/><property name="ro.media.enc.hprof.aud.hz" value="8000"/><property name="ro.config.alarm_alert" value="Alarm_Classic.ogg"/><property name="ro.crypto.fs_mnt_point" value="/data"/><property name="ro.mediatek.version.branch" value="ALPS.JB.TDD.MP"/><property name="gsm.version.ril-impl" value="mtk ril w10.20"/><property name="ro.product.board" value="IdeaTab_A1000-G"/><property name="persist.radio.default_sim_mode" value="0"/><property name="init.svc.media" value="running"/><property name="ro.build.description" value="huaqin17_td_tb_jb-user LenovoIdeaTab_A1000-G A1000G_A412_01_09_130907_2G release-keys"/><property name="curlockscreen" value="2"/><property name="sys.ipo.tbl" value="1"/><property name="ro.media.enc.lprof.codec.vid" value="h263"/><property name="ro.media.enc.hprof.vid.width" value="720"/><property name="dalvik.vm.heapgrowthlimit" value="64m"/><property name="Camera.Stereo.3D.Support" value="0"/><property name="external_sd_path" value="/storage/sdcard1"/><property name="dhcp.wlan0.ipaddress" value="192.168.1.102"/><property name="init.svc.surfaceflinger" value="running"/><property name="init.svc.dhcpcd_wlan0" value="running"/><property name="init.svc.mtkbt" value="running"/><property name="ro.crypto.fs_real_blkdev" value="/emmc@usrdata"/><property name="ro.media.enc.hprof.codec.aud" value="amrnb"/><property name="net.tcp.buffersize.gprs" value="4092,8760,11680,4096,8760,11680"/><property name="init.svc.flash_recovery" value="stopped"/><property name="init.svc.xlogboot" value="stopped"/><property name="ro.com.google.gmsversion" value="4.1_r6"/><property name="ro.build.version.release" value="4.1.2"/><property name="ro.lesafe.mode" value="0"/><property name="ro.custom.build.version" value="1378537169"/><property name="persist.mdp_msg_ver" value="a2"/><property name="persist.service.acm.enable" value=""/><property name="net.tcp.buffersize.hspa" value="4094,87380,262144,4096,16384,262144"/><property name="gsm.current.phone-type" value="1"/><property name="ro.opengles.version" value="131072"/><property name="gsm.serial" value="8S0090004145HB313990GCN  HGC1B1M4                      1 1  111"/><property name="dhcp.wlan0.reason" value="RENEW"/><property name="ro.media.enc.lprof.aud.hz" value="8000"/><property name="dhcp.wlan0.mask" value="255.255.255.0"/><property name="gsm.roaming.indicator.needed.2" value="false"/><property name="init.svc.installd" value="running"/><property name="dhcp.wlan0.leasetime" value="259200"/><property name="dhcp.wlan0.gateway" value="192.168.1.1"/><property name="ro.media.enc.hprof.aud.ch" value="1"/><property name="sms_notification_sound" value="Heaven.ogg"/><property name="ro.wifi.channels" value=""/><property name="init.svc.mtkGD" value="running"/><property name="ro.media.enc.hprof.file.format" value="3gp"/><property name="gsm.network.type" value="EDGE"/><property name="net.qtaguid_enabled" value="1"/><property name="init.svc.nvram_country" value="stopped"/><property name="ro.hq.project.hw.version" value="A3000_MB_PCB_V3.0"/><property name="ro.audio.silent" value="0"/><property name="init.svc.ccci_fsd" value="running"/><property name="ro.sys.usb.bicr" value="yes"/></properties><testcase classname="com.ulhack.tc.test.EditNumberTest" name="testAndroidTestCaseSetupProperly" time="0.0020"/><testcase classname="com.ulhack.tc.test.EditNumberTest" name="testClear" time="0.0000"/><testcase classname="com.ulhack.tc.test.EditNumberTest" name="testEditNumberContext" time="0.0010"/><testcase classname="com.ulhack.tc.test.EditNumberTest" name="testGetNumber" time="0.0010"/><testcase classname="com.ulhack.tc.test.EditNumberTest" name="testSetNumber" time="0.0010"/><testcase classname="com.ulhack.tc.test.TemperatureConverterActivityTests" name="testAlignment" time="0.9120"/><testcase classname="com.ulhack.tc.test.TemperatureConverterActivityTests" name="testCelsiusToFahrenheitConversion" time="0.9390"/><testcase classname="com.ulhack.tc.test.TemperatureConverterActivityTests" name="testFahrenheitToCelsiusConversion" time="0.9600"/><testcase classname="com.ulhack.tc.test.TemperatureConverterActivityTests" name="testFieldsOnScreen" time="0.9850"/><testcase classname="com.ulhack.tc.test.TemperatureConverterActivityTests" name="testFieldsShouldStartEmpty" time="1.0170"/><testcase classname="com.ulhack.tc.test.TemperatureConverterActivityTests" name="testJustification" time="0.7840"/><testcase classname="com.ulhack.tc.test.TemperatureConvetertTest" name="testCelsiusToFahrenheit" time="0.0000"/><testcase classname="com.ulhack.tc.test.TemperatureConvetertTest" name="testFahrenheitToCelsius" time="0.0010"/><testcase classname="com.ulhack.tc.test.TemperatureConvetertTest" name="testPrivateConstructor" time="0.0010"/></testsuite></testsuites>